Build started 12/14/2019 7:34:30 PM.
     1>Project "D:\SCHOOL\C++\s k data structures\SKKK\SKKK\SKKK.vcxproj" on node 2 (build target(s)).
     1>PrepareForBuild:
         Creating directory "D:\SCHOOL\C++\s k data structures\SKKK\Debug\".
       InitializeBuildStatus:
         Creating "Debug\SKKK.unsuccessfulbuild" because "AlwaysCreate" was specified.
       ClCompile:
         C:\Program Files (x86)\Microsoft Visual Studio 10.0\VC\bin\CL.exe /c /ZI /nologo /W3 /WX- /Od /Oy- /D WIN32 /D _DEBUG /D _CONSOLE /D _UNICODE /D UNICODE /Gm /EHsc /RTC1 /MDd /GS /fp:precise /Zc:wchar_t /Zc:forScope /Yc"StdAfx.h" /Fp"Debug\SKKK.pch" /Fo"Debug\\" /Fd"Debug\vc100.pdb" /Gd /TP /analyze- /errorReport:prompt stdafx.cpp
         stdafx.cpp
         C:\Program Files (x86)\Microsoft Visual Studio 10.0\VC\bin\CL.exe /c /ZI /nologo /W3 /WX- /Od /Oy- /D WIN32 /D _DEBUG /D _CONSOLE /D _UNICODE /D UNICODE /Gm /EHsc /RTC1 /MDd /GS /fp:precise /Zc:wchar_t /Zc:forScope /Yu"StdAfx.h" /Fp"Debug\SKKK.pch" /Fo"Debug\\" /Fd"Debug\vc100.pdb" /Gd /TP /analyze- /errorReport:prompt SKKK.cpp
         SKKK.cpp
       ManifestResourceCompile:
         C:\Program Files (x86)\Microsoft SDKs\Windows\v7.0A\bin\rc.exe /nologo /fo"Debug\SKKK.exe.embed.manifest.res" Debug\SKKK_manifest.rc 
       Link:
         C:\Program Files (x86)\Microsoft Visual Studio 10.0\VC\bin\link.exe /ERRORREPORT:PROMPT /OUT:"D:\SCHOOL\C++\s k data structures\SKKK\Debug\SKKK.exe" /INCREMENTAL /NOLOGO kernel32.lib user32.lib gdi32.lib winspool.lib comdlg32.lib advapi32.lib shell32.lib ole32.lib oleaut32.lib uuid.lib odbc32.lib odbccp32.lib /MANIFEST /ManifestFile:"Debug\SKKK.exe.intermediate.manifest" /MANIFESTUAC:"level='asInvoker' uiAccess='false'" /DEBUG /PDB:"D:\SCHOOL\C++\s k data structures\SKKK\Debug\SKKK.pdb" /SUBSYSTEM:CONSOLE /TLBID:1 /DYNAMICBASE /NXCOMPAT /IMPLIB:"D:\SCHOOL\C++\s k data structures\SKKK\Debug\SKKK.lib" /MACHINE:X86 Debug\SKKK.exe.embed.manifest.res
         Debug\SKKK.obj
         Debug\stdafx.obj
       Manifest:
         C:\Program Files (x86)\Microsoft SDKs\Windows\v7.0A\bin\mt.exe /nologo /verbose /out:"Debug\SKKK.exe.embed.manifest" /manifest Debug\SKKK.exe.intermediate.manifest
         C:\Program Files (x86)\Microsoft SDKs\Windows\v7.0A\bin\rc.exe /nologo /fo"Debug\SKKK.exe.embed.manifest.res" Debug\SKKK_manifest.rc 
       LinkEmbedManifest:
         C:\Program Files (x86)\Microsoft Visual Studio 10.0\VC\bin\link.exe /ERRORREPORT:PROMPT /OUT:"D:\SCHOOL\C++\s k data structures\SKKK\Debug\SKKK.exe" /INCREMENTAL /NOLOGO kernel32.lib user32.lib gdi32.lib winspool.lib comdlg32.lib advapi32.lib shell32.lib ole32.lib oleaut32.lib uuid.lib odbc32.lib odbccp32.lib /MANIFEST /ManifestFile:"Debug\SKKK.exe.intermediate.manifest" /MANIFESTUAC:"level='asInvoker' uiAccess='false'" /DEBUG /PDB:"D:\SCHOOL\C++\s k data structures\SKKK\Debug\SKKK.pdb" /SUBSYSTEM:CONSOLE /TLBID:1 /DYNAMICBASE /NXCOMPAT /IMPLIB:"D:\SCHOOL\C++\s k data structures\SKKK\Debug\SKKK.lib" /MACHINE:X86 Debug\SKKK.exe.embed.manifest.res
         Debug\SKKK.obj
         Debug\stdafx.obj
         SKKK.vcxproj -> D:\SCHOOL\C++\s k data structures\SKKK\Debug\SKKK.exe
       FinalizeBuildStatus:
         Deleting file "Debug\SKKK.unsuccessfulbuild".
         Touching "Debug\SKKK.lastbuildstate".
     1>Done Building Project "D:\SCHOOL\C++\s k data structures\SKKK\SKKK\SKKK.vcxproj" (build target(s)).

Build succeeded.

Time Elapsed 00:00:05.06
